Index page accessed
Watching for file changes with StatReloader
Waiting for apps ready_event.
Apps ready_event triggered. Sending autoreload_started signal.
Watching dir C:\Users\JaneM\PycharmProjects\Django\myproject\locale with glob **/*.mo.
Watching dir C:\Users\JaneM\PycharmProjects\Django\myproject\myapp\locale with glob **/*.mo.
File C:\Users\JaneM\PycharmProjects\Django\venv\Lib\site-packages\django\forms\boundfield.py first seen with mtime 1711375545.5442092
File C:\Users\JaneM\PycharmProjects\Django\venv\Lib\site-packages\django\db\models\functions\text.py first seen with mtime 1711375544.9363418
File C:\Program Files\Python312\Lib\email\header.py first seen with mtime 1696242358.0
File C:\Program Files\Python312\Lib\secrets.py first seen with mtime 1696242358.0
File C:\Program Files\Python312\Lib\pprint.py first seen with mtime 1696242358.0
File C:\Users\JaneM\PycharmProjects\Django\venv\Lib\site-packages\django\db\models\aggregates.py first seen with mtime 1711375544.398666
File C:\Users\JaneM\PycharmProjects\Django\venv\Lib\site-packages\django\contrib\auth\__init__.py first seen with mtime 1711375516.473138
File C:\Users\JaneM\PycharmProjects\Django\venv\Lib\site-packages\django\middleware\csrf.py first seen with mtime 1711375547.5855472
File C:\Program Files\Python312\Lib\http\cookies.py first seen with mtime 1696242358.0
File C:\Users\JaneM\PycharmProjects\Django\venv\Lib\site-packages\django\contrib\admin\decorators.py first seen with mtime 1711375509.2250264
File C:\Users\JaneM\PycharmProjects\Django\venv\Lib\site-packages\django\db\models\functions\datetime.py first seen with mtime 1711375544.7308526
File C:\Users\JaneM\PycharmProjects\Django\venv\Lib\site-packages\django\template\response.py first seen with mtime 1711375548.0995944
File C:\Users\JaneM\PycharmProjects\Django\venv\Lib\site-packages\django\core\serializers\python.py first seen with mtime 1711375543.049122
File C:\Users\JaneM\PycharmProjects\Django\myproject\myapp\urls.py first seen with mtime 1711395923.8541696
File C:\Users\JaneM\PycharmProjects\Django\venv\Lib\site-packages\django\template\backends\base.py first seen with mtime 1711375548.1045907
File C:\Program Files\Python312\Lib\fractions.py first seen with mtime 1696242358.0
File C:\Program Files\Python312\Lib\contextvars.py first seen with mtime 1696242358.0
File C:\Users\JaneM\PycharmProjects\Django\venv\Lib\site-packages\django\contrib\auth\password_validation.py first seen with mtime 1711375516.516364
File C:\Users\JaneM\PycharmProjects\Django\venv\Lib\site-packages\django\core\checks\database.py first seen with mtime 1711375541.6163986
File C:\Users\JaneM\PycharmProjects\Django\venv\Lib\site-packages\django\views\generic\dates.py first seen with mtime 1711375548.6497324
File C:\Users\JaneM\PycharmProjects\Django\venv\Lib\site-packages\django\views\decorators\csrf.py first seen with mtime 1711375548.631684
File C:\Users\JaneM\PycharmProjects\Django\venv\Lib\site-packages\django\utils\_os.py first seen with mtime 1711375548.4737806
File C:\Users\JaneM\PycharmProjects\Django\venv\Lib\site-packages\asgiref\local.py first seen with mtime 1711375508.0698411
File C:\Program Files\Python312\Lib\json\scanner.py first seen with mtime 1696242358.0
File C:\Users\JaneM\PycharmProjects\Django\venv\Lib\site-packages\django\contrib\__init__.py first seen with mtime 1711375509.2190292
File C:\Users\JaneM\PycharmProjects\Django\venv\Lib\site-packages\django\views\generic\detail.py first seen with mtime 1711375548.6507301
File C:\Program Files\Python312\Lib\re\__init__.py first seen with mtime 1696242358.0
File C:\Users\JaneM\PycharmProjects\Django\venv\Lib\site-packages\django\core\__init__.py first seen with mtime 1711375541.3935275
File C:\Users\JaneM\PycharmProjects\Django\venv\Lib\site-packages\django\core\checks\urls.py first seen with mtime 1711375542.288414
File C:\Users\JaneM\PycharmProjects\Django\venv\Lib\site-packages\django\urls\resolvers.py first seen with mtime 1711375548.4697797
File C:\Program Files\Python312\Lib\logging\handlers.py first seen with mtime 1696242358.0
File C:\Users\JaneM\PycharmProjects\Django\venv\Lib\site-packages\django\contrib\admin\checks.py first seen with mtime 1711375509.2230272
File C:\Users\JaneM\PycharmProjects\Django\venv\Lib\site-packages\django\contrib\contenttypes\forms.py first seen with mtime 1711375519.0659757
File C:\Program Files\Python312\Lib\urllib\parse.py first seen with mtime 1696242358.0
File C:\Users\JaneM\PycharmProjects\Django\venv\Lib\site-packages\django\db\backends\sqlite3\operations.py first seen with mtime 1711375544.2707443
File C:\Program Files\Python312\Lib\locale.py first seen with mtime 1696242358.0
File C:\Users\JaneM\PycharmProjects\Django\venv\Lib\site-packages\django\contrib\messages\api.py first seen with mtime 1711375530.5055764
File C:\Users\JaneM\PycharmProjects\Django\venv\Lib\site-packages\django\core\files\images.py first seen with mtime 1711375542.5413146
File C:\Program Files\Python312\Lib\__future__.py first seen with mtime 1696242358.0
File C:\Users\JaneM\PycharmProjects\Django\venv\Lib\site-packages\django\core\checks\compatibility\django_4_0.py first seen with mtime 1711375542.437374
File C:\Users\JaneM\PycharmProjects\Django\venv\Lib\site-packages\django\urls\utils.py first seen with mtime 1711375548.4717798
File C:\Users\JaneM\PycharmProjects\Django\venv\Lib\site-packages\django\contrib\staticfiles\utils.py first seen with mtime 1711375541.2656057
File C:\Program Files\Python312\Lib\re\_compiler.py first seen with mtime 1696242358.0
File C:\Program Files\Python312\Lib\weakref.py first seen with mtime 1696242358.0
File C:\Users\JaneM\PycharmProjects\Django\myproject\myproject\settings.py first seen with mtime 1711443381.1543996
File C:\Users\JaneM\PycharmProjects\Django\venv\Lib\site-packages\django\contrib\staticfiles\management\commands\__init__.py first seen with mtime 1711375541.2735975
File C:\Users\JaneM\PycharmProjects\Django\venv\Lib\site-packages\django\core\checks\caches.py first seen with mtime 1711375541.6114018
File C:\Users\JaneM\PycharmProjects\Django\venv\Lib\site-packages\django\db\models\fields\files.py first seen with mtime 1711375544.49666
File C:\Users\JaneM\PycharmProjects\Django\venv\Lib\site-packages\django\utils\dateformat.py first seen with mtime 1711375548.5056627
File C:\Program Files\Python312\Lib\ast.py first seen with mtime 1696242358.0
File C:\Users\JaneM\PycharmProjects\Django\venv\Lib\site-packages\django\db\backends\base\schema.py first seen with mtime 1711375543.217129
File C:\Program Files\Python312\Lib\email\encoders.py first seen with mtime 1696242358.0
File C:\Users\JaneM\PycharmProjects\Django\venv\Lib\site-packages\django\db\backends\__init__.py first seen with mtime 1711375543.14717
File C:\Users\JaneM\PycharmProjects\Django\venv\Lib\site-packages\django\core\checks\messages.py first seen with mtime 1711375541.7833042
File C:\Users\JaneM\PycharmProjects\Django\venv\Lib\site-packages\sqlparse\tokens.py first seen with mtime 1711375507.7994747
File C:\Users\JaneM\PycharmProjects\Django\venv\Lib\site-packages\django\template\loaders\base.py first seen with mtime 1711375548.1246164
File C:\Program Files\Python312\Lib\reprlib.py first seen with mtime 1696242358.0
File C:\Users\JaneM\PycharmProjects\Django\venv\Lib\site-packages\django\core\checks\files.py first seen with mtime 1711375541.6173978
File C:\Users\JaneM\PycharmProjects\Django\venv\Lib\site-packages\django\db\models\functions\__init__.py first seen with mtime 1711375544.6678715
File C:\Users\JaneM\PycharmProjects\Django\venv\Lib\site-packages\django\contrib\admin\templatetags\admin_modify.py first seen with mtime 1711375514.7459779
File C:\Users\JaneM\PycharmProjects\Django\venv\Lib\site-packages\django\contrib\sessions\backends\__init__.py first seen with mtime 1711375537.5866995
File C:\Users\JaneM\PycharmProjects\Django\venv\Lib\site-packages\django\core\mail\__init__.py first seen with mtime 1711375542.7581882
File C:\Users\JaneM\PycharmProjects\Django\venv\Lib\site-packages\django\db\models\functions\window.py first seen with mtime 1711375544.9373412
File C:\Program Files\Python312\Lib\email\__init__.py first seen with mtime 1696242358.0
File C:\Program Files\Python312\DLLs\_lzma.pyd first seen with mtime 1696242428.0
File C:\Users\JaneM\PycharmProjects\Django\venv\Lib\site-packages\django\core\validators.py first seen with mtime 1711375541.473482
File C:\Users\JaneM\PycharmProjects\Django\venv\Lib\site-packages\django\conf\__init__.py first seen with mtime 1711375508.4241686
File C:\Users\JaneM\PycharmProjects\Django\venv\Lib\site-packages\django\db\models\sql\datastructures.py first seen with mtime 1711375545.0149014
File C:\Users\JaneM\PycharmProjects\Django\venv\Lib\site-packages\django\db\__init__.py first seen with mtime 1711375543.115187
File C:\Users\JaneM\PycharmProjects\Django\venv\Lib\site-packages\django\template\autoreload.py first seen with mtime 1711375547.6370506
File C:\Users\JaneM\PycharmProjects\Django\venv\Lib\site-packages\django\core\management\commands\runserver.py first seen with mtime 1711375542.9740756
File C:\Users\JaneM\PycharmProjects\Django\venv\Lib\site-packages\django\template\loaders\app_directories.py first seen with mtime 1711375548.1226318
File C:\Program Files\Python312\Lib\json\decoder.py first seen with mtime 1696242358.0
File C:\Users\JaneM\PycharmProjects\Django\venv\Lib\site-packages\django\db\models\fields\json.py first seen with mtime 1711375544.4996486
File C:\Users\JaneM\PycharmProjects\Django\venv\Lib\site-packages\django\db\backends\ddl_references.py first seen with mtime 1711375543.1491666
File C:\Users\JaneM\PycharmProjects\Django\venv\Lib\site-packages\django\contrib\auth\checks.py first seen with mtime 1711375516.4821916
File C:\Program Files\Python312\DLLs\_queue.pyd first seen with mtime 1696242428.0
File C:\Program Files\Python312\Lib\asyncio\base_events.py first seen with mtime 1696242358.0
File C:\Program Files\Python312\Lib\pathlib.py first seen with mtime 1696242358.0
File C:\Users\JaneM\PycharmProjects\Django\venv\Lib\site-packages\django\contrib\admin\views\__init__.py first seen with mtime 1711375514.7499754
File C:\Users\JaneM\PycharmProjects\Django\venv\Lib\site-packages\django\forms\__init__.py first seen with mtime 1711375545.5422106
File C:\Users\JaneM\PycharmProjects\Django\venv\Lib\site-packages\django\contrib\messages\__init__.py first seen with mtime 1711375530.455606
File C:\Users\JaneM\PycharmProjects\Django\venv\Lib\site-packages\sqlparse\sql.py first seen with mtime 1711375507.7994747
File C:\Users\JaneM\PycharmProjects\Django\venv\Lib\site-packages\django\core\files\uploadhandler.py first seen with mtime 1711375542.7212102
File C:\Users\JaneM\PycharmProjects\Django\venv\Lib\site-packages\django\template\exceptions.py first seen with mtime 1711375548.0876
File C:\Users\JaneM\PycharmProjects\Django\venv\Lib\site-packages\django\db\backends\utils.py first seen with mtime 1711375543.1531644
File C:\Users\JaneM\PycharmProjects\Django\venv\Lib\site-packages\django\contrib\sessions\middleware.py first seen with mtime 1711375537.5767798
File C:\Users\JaneM\PycharmProjects\Django\venv\Lib\site-packages\django\utils\crypto.py first seen with mtime 1711375548.4946945
File C:\Program Files\Python312\Lib\asyncio\windows_utils.py first seen with mtime 1696242358.0
File C:\Program Files\Python312\Lib\encodings\__init__.py first seen with mtime 1696242358.0
File C:\Users\JaneM\PycharmProjects\Django\venv\Lib\site-packages\django\views\generic\__init__.py first seen with mtime 1711375548.6447334
File C:\Users\JaneM\PycharmProjects\Django\venv\Lib\site-packages\django\core\cache\backends\base.py first seen with mtime 1711375541.4924712
File C:\Program Files\Python312\Lib\signal.py first seen with mtime 1696242358.0
File C:\Users\JaneM\PycharmProjects\Django\venv\Lib\site-packages\django\utils\lorem_ipsum.py first seen with mtime 1711375548.5416322
File C:\Users\JaneM\PycharmProjects\Django\venv\Lib\site-packages\django\contrib\messages\constants.py first seen with mtime 1711375530.507576
File C:\Users\JaneM\PycharmProjects\Django\venv\Lib\site-packages\django\contrib\auth\admin.py first seen with mtime 1711375516.4751375
File C:\Users\JaneM\PycharmProjects\Django\venv\Lib\site-packages\sqlparse\__init__.py first seen with mtime 1711375507.791479
File C:\Users\JaneM\PycharmProjects\Django\venv\Lib\site-packages\django\db\models\sql\query.py first seen with mtime 1711375545.0268934
File C:\Users\JaneM\PycharmProjects\Django\venv\Lib\site-packages\django\utils\autoreload.py first seen with mtime 1711375548.4856744
File C:\Users\JaneM\PycharmProjects\Django\venv\Lib\site-packages\sqlparse\engine\statement_splitter.py first seen with mtime 1711375507.8061595
File C:\Users\JaneM\PycharmProjects\Django\venv\Lib\site-packages\django\contrib\contenttypes\__init__.py first seen with mtime 1711375519.0437267
File C:\Users\JaneM\PycharmProjects\Django\venv\Lib\site-packages\django\utils\duration.py first seen with mtime 1711375548.514562
File C:\Users\JaneM\PycharmProjects\Django\venv\Lib\site-packages\sqlparse\filters\aligned_indent.py first seen with mtime 1711375507.808161
File C:\Users\JaneM\PycharmProjects\Django\venv\Lib\site-packages\django\db\migrations\operations\models.py first seen with mtime 1711375544.380676
File C:\Users\JaneM\PycharmProjects\Django\venv\Lib\site-packages\django\db\backends\base\client.py first seen with mtime 1711375543.1641617
File C:\Program Files\Python312\Lib\socket.py first seen with mtime 1696242358.0
File C:\Users\JaneM\PycharmProjects\Django\venv\Lib\site-packages\django\db\backends\base\features.py first seen with mtime 1711375543.1671565
File C:\Users\JaneM\PycharmProjects\Django\venv\Lib\site-packages\django\contrib\admin\templatetags\admin_urls.py first seen with mtime 1711375514.7459779
File C:\Program Files\Python312\Lib\wsgiref\handlers.py first seen with mtime 1696242358.0
File C:\Users\JaneM\PycharmProjects\Django\venv\Lib\site-packages\django\db\migrations\__init__.py first seen with mtime 1711375544.2807343
File C:\Users\JaneM\PycharmProjects\Django\venv\Lib\site-packages\django\db\models\fields\generated.py first seen with mtime 1711375544.4986477
File C:\Users\JaneM\PycharmProjects\Django\venv\Lib\site-packages\sqlparse\cli.py first seen with mtime 1711375507.793479
File C:\Users\JaneM\PycharmProjects\Django\venv\Lib\site-packages\django\core\cache\__init__.py first seen with mtime 1711375541.4814768
File C:\Program Files\Python312\Lib\asyncio\base_subprocess.py first seen with mtime 1696242358.0
File C:\Program Files\Python312\Lib\queue.py first seen with mtime 1696242358.0
File C:\Users\JaneM\PycharmProjects\Django\venv\Lib\site-packages\django\core\servers\__init__.py first seen with mtime 1711375543.1051917
File C:\Users\JaneM\PycharmProjects\Django\venv\Lib\site-packages\django\forms\fields.py first seen with mtime 1711375545.5472088
File C:\Program Files\Python312\Lib\asyncio\sslproto.py first seen with mtime 1696242358.0
File C:\Users\JaneM\PycharmProjects\Django\venv\Lib\site-packages\django\utils\translation\trans_real.py first seen with mtime 1711375548.6086445
File C:\Users\JaneM\PycharmProjects\Django\myproject\myapp\views.py first seen with mtime 1711443060.6539845
File C:\Program Files\Python312\Lib\concurrent\futures\thread.py first seen with mtime 1696242358.0
File C:\Users\JaneM\PycharmProjects\Django\venv\Lib\site-packages\django\core\checks\security\csrf.py first seen with mtime 1711375542.5243254
File C:\Program Files\Python312\Lib\copyreg.py first seen with mtime 1696242358.0
File C:\Users\JaneM\PycharmProjects\Django\venv\Lib\site-packages\django\utils\log.py first seen with mtime 1711375548.540632
File C:\Users\JaneM\PycharmProjects\Django\venv\Lib\site-packages\django\contrib\contenttypes\management\__init__.py first seen with mtime 1711375520.1790419
File C:\Program Files\Python312\Lib\email\_policybase.py first seen with mtime 1696242358.0
File C:\Program Files\Python312\Lib\sqlite3\dbapi2.py first seen with mtime 1696242358.0
File C:\Users\JaneM\PycharmProjects\Django\venv\Lib\site-packages\django\template\library.py first seen with mtime 1711375548.0896034
File C:\Users\JaneM\PycharmProjects\Django\venv\Lib\site-packages\sqlparse\exceptions.py first seen with mtime 1711375507.793479
File C:\Users\JaneM\PycharmProjects\Django\venv\Lib\site-packages\django\utils\deconstruct.py first seen with mtime 1711375548.5086641
File C:\Users\JaneM\PycharmProjects\Django\myproject\myapp\apps.py first seen with mtime 1711383159.655536
File C:\Program Files\Python312\Lib\ssl.py first seen with mtime 1696242358.0
File C:\Users\JaneM\PycharmProjects\Django\venv\Lib\site-packages\django\db\models\indexes.py first seen with mtime 1711375544.4716535
File C:\Program Files\Python312\Lib\calendar.py first seen with mtime 1696242358.0
File C:\Program Files\Python312\Lib\opcode.py first seen with mtime 1696242358.0
File C:\Users\JaneM\PycharmProjects\Django\venv\Lib\site-packages\django\db\backends\sqlite3\introspection.py first seen with mtime 1711375544.2697406
File C:\Program Files\Python312\Lib\wsgiref\headers.py first seen with mtime 1696242358.0
File C:\Program Files\Python312\Lib\logging\__init__.py first seen with mtime 1696242358.0
File C:\Users\JaneM\PycharmProjects\Django\venv\Lib\site-packages\django\views\i18n.py first seen with mtime 1711375548.6166434
File C:\Program Files\Python312\Lib\multiprocessing\__init__.py first seen with mtime 1696242358.0
File C:\Users\JaneM\PycharmProjects\Django\venv\Lib\site-packages\django\contrib\admin\exceptions.py first seen with mtime 1711375509.2250264
File C:\Program Files\Python312\Lib\asyncio\staggered.py first seen with mtime 1696242358.0
File C:\Users\JaneM\PycharmProjects\Django\venv\Lib\site-packages\django\dispatch\dispatcher.py first seen with mtime 1711375545.5382097
File C:\Program Files\Python312\Lib\asyncio\constants.py first seen with mtime 1696242358.0
File C:\Users\JaneM\PycharmProjects\Django\venv\Lib\site-packages\django\contrib\auth\tokens.py first seen with mtime 1711375516.5204322
File C:\Program Files\Python312\Lib\subprocess.py first seen with mtime 1696242358.0
File C:\Program Files\Python312\Lib\multiprocessing\context.py first seen with mtime 1696242358.0
File C:\Users\JaneM\PycharmProjects\Django\venv\Lib\site-packages\django\template\smartif.py first seen with mtime 1711375548.100594
File C:\Users\JaneM\PycharmProjects\Django\venv\Lib\site-packages\django\core\files\locks.py first seen with mtime 1711375542.547312
File C:\Users\JaneM\PycharmProjects\Django\venv\Lib\site-packages\django\templatetags\__init__.py first seen with mtime 1711375548.2129424
File C:\Users\JaneM\PycharmProjects\Django\venv\Lib\site-packages\django\views\decorators\debug.py first seen with mtime 1711375548.6326845
File C:\Program Files\Python312\Lib\asyncio\__init__.py first seen with mtime 1696242358.0
File C:\Program Files\Python312\Lib\asyncio\streams.py first seen with mtime 1696242358.0
File C:\Users\JaneM\PycharmProjects\Django\venv\Lib\site-packages\django\contrib\staticfiles\__init__.py first seen with mtime 1711375541.2106361
File C:\Users\JaneM\PycharmProjects\Django\venv\Lib\site-packages\django\views\__init__.py first seen with mtime 1711375548.6096475
File C:\Program Files\Python312\Lib\operator.py first seen with mtime 1696242358.0
File C:\Program Files\Python312\Lib\_weakrefset.py first seen with mtime 1696242358.0
File C:\Users\JaneM\PycharmProjects\Django\venv\Lib\site-packages\django\template\defaulttags.py first seen with mtime 1711375548.0185382
File C:\Users\JaneM\PycharmProjects\Django\venv\Lib\site-packages\django\conf\locale\__init__.py first seen with mtime 1711375508.4490428
File C:\Users\JaneM\PycharmProjects\Django\venv\Lib\site-packages\django\core\files\storage\mixins.py first seen with mtime 1711375542.745195
File C:\Program Files\Python312\Lib\quopri.py first seen with mtime 1696242358.0
File C:\Program Files\Python312\Lib\re\_casefix.py first seen with mtime 1696242358.0
File C:\Users\JaneM\PycharmProjects\Django\venv\Lib\site-packages\django\contrib\messages\apps.py first seen with mtime 1711375530.507576
File C:\Users\JaneM\PycharmProjects\Django\venv\Lib\site-packages\django\templatetags\i18n.py first seen with mtime 1711375548.2179427
File C:\Program Files\Python312\Lib\sysconfig.py first seen with mtime 1696242358.0
File C:\Program Files\Python312\Lib\multiprocessing\process.py first seen with mtime 1696242358.0
File C:\Program Files\Python312\Lib\random.py first seen with mtime 1696242358.0
File C:\Program Files\Python312\DLLs\_uuid.pyd first seen with mtime 1696242428.0
File C:\Users\JaneM\PycharmProjects\Django\venv\Lib\site-packages\django\contrib\admin\templatetags\__init__.py first seen with mtime 1711375514.7439811
File C:\Users\JaneM\PycharmProjects\Django\venv\Lib\site-packages\django\utils\dates.py first seen with mtime 1711375548.507665
File C:\Program Files\Python312\Lib\urllib\error.py first seen with mtime 1696242358.0
File C:\Users\JaneM\PycharmProjects\Django\venv\Lib\site-packages\django\db\migrations\operations\fields.py first seen with mtime 1711375544.3536918
File C:\Users\JaneM\PycharmProjects\Django\venv\Lib\site-packages\django\contrib\contenttypes\checks.py first seen with mtime 1711375519.0558302
File C:\Users\JaneM\PycharmProjects\Django\venv\Lib\site-packages\django\contrib\sessions\backends\base.py first seen with mtime 1711375537.5943427
File C:\Users\JaneM\PycharmProjects\Django\venv\Lib\site-packages\django\contrib\staticfiles\management\commands\runserver.py first seen with mtime 1711375541.3165724
File C:\Users\JaneM\PycharmProjects\Django\venv\Lib\site-packages\django\urls\__init__.py first seen with mtime 1711375548.2559497
File C:\Program Files\Python312\Lib\email\mime\multipart.py first seen with mtime 1696242358.0
File C:\Program Files\Python312\Lib\pkgutil.py first seen with mtime 1696242358.0
File C:\Users\JaneM\PycharmProjects\Django\venv\Lib\site-packages\django\core\checks\security\__init__.py first seen with mtime 1711375542.4443705
File C:\Users\JaneM\PycharmProjects\Django\venv\Lib\site-packages\django\db\models\fields\related_lookups.py first seen with mtime 1711375544.652876
File C:\Users\JaneM\PycharmProjects\Django\venv\Lib\site-packages\sqlparse\filters\output.py first seen with mtime 1711375507.8101583
File C:\Users\JaneM\PycharmProjects\Django\venv\Lib\site-packages\django\utils\connection.py first seen with mtime 1711375548.4936924
File C:\Users\JaneM\PycharmProjects\Django\venv\Lib\site-packages\django\contrib\staticfiles\handlers.py first seen with mtime 1711375541.231621
File C:\Users\JaneM\PycharmProjects\Django\venv\Lib\site-packages\django\template\loaders\__init__.py first seen with mtime 1711375548.1145847
File C:\Users\JaneM\PycharmProjects\Django\venv\Lib\site-packages\django\core\files\move.py first seen with mtime 1711375542.5503097
File C:\Users\JaneM\PycharmProjects\Django\venv\Lib\site-packages\django\core\mail\message.py first seen with mtime 1711375542.7591882
File C:\Users\JaneM\PycharmProjects\Django\venv\Lib\site-packages\django\templatetags\static.py first seen with mtime 1711375548.220938
File C:\Users\JaneM\PycharmProjects\Django\venv\Lib\site-packages\django\urls\converters.py first seen with mtime 1711375548.261953
File C:\Users\JaneM\PycharmProjects\Django\venv\Lib\site-packages\django\contrib\messages\storage\__init__.py first seen with mtime 1711375530.523566
File C:\Users\JaneM\PycharmProjects\Django\venv\Lib\site-packages\django\core\mail\utils.py first seen with mtime 1711375542.7701814
File C:\Program Files\Python312\Lib\warnings.py first seen with mtime 1696242358.0
File C:\Users\JaneM\PycharmProjects\Django\venv\Lib\site-packages\django\__init__.py first seen with mtime 1711375508.3252811
File C:\Program Files\Python312\Lib\threading.py first seen with mtime 1696242358.0
File C:\Program Files\Python312\Lib\asyncio\windows_events.py first seen with mtime 1696242358.0
File C:\Program Files\Python312\Lib\inspect.py first seen with mtime 1696242358.0
File C:\Program Files\Python312\Lib\decimal.py first seen with mtime 1696242358.0
File C:\Users\JaneM\PycharmProjects\Django\venv\Lib\site-packages\django\templatetags\cache.py first seen with mtime 1711375548.2139418
File C:\Users\JaneM\PycharmProjects\Django\venv\Lib\site-packages\django\db\models\expressions.py first seen with mtime 1711375544.4696481
File C:\Program Files\Python312\Lib\asyncio\runners.py first seen with mtime 1696242358.0
File C:\Users\JaneM\PycharmProjects\Django\venv\Lib\site-packages\django\urls\base.py first seen with mtime 1711375548.2569497
File C:\Users\JaneM\PycharmProjects\Django\venv\Lib\site-packages\django\db\backends\base\base.py first seen with mtime 1711375543.156181
File C:\Program Files\Python312\Lib\zoneinfo\_tzpath.py first seen with mtime 1696242358.0
File C:\Users\JaneM\PycharmProjects\Django\venv\Lib\site-packages\django\views\static.py first seen with mtime 1711375548.6176534
File C:\Users\JaneM\PycharmProjects\Django\venv\Lib\site-packages\django\template\backends\django.py first seen with mtime 1711375548.1055899
File C:\Program Files\Python312\Lib\ctypes\_endian.py first seen with mtime 1696242358.0
File C:\Program Files\Python312\Lib\_compression.py first seen with mtime 1696242358.0
File C:\Users\JaneM\PycharmProjects\Django\venv\Lib\site-packages\django\db\backends\sqlite3\base.py first seen with mtime 1711375544.256704
File C:\Users\JaneM\PycharmProjects\Django\venv\Lib\site-packages\django\contrib\staticfiles\finders.py first seen with mtime 1711375541.2236264
File C:\Users\JaneM\PycharmProjects\Django\venv\Lib\site-packages\django\db\models\constraints.py first seen with mtime 1711375544.4646525
File C:\Program Files\Python312\Lib\email\feedparser.py first seen with mtime 1696242358.0
File C:\Users\JaneM\PycharmProjects\Django\venv\Lib\site-packages\django\utils\safestring.py first seen with mtime 1711375548.5577333
File C:\Program Files\Python312\Lib\textwrap.py first seen with mtime 1696242358.0
File C:\Program Files\Python312\Lib\concurrent\__init__.py first seen with mtime 1696242358.0
File C:\Users\JaneM\PycharmProjects\Django\venv\Lib\site-packages\django\db\backends\base\creation.py first seen with mtime 1711375543.1661565
File C:\Users\JaneM\PycharmProjects\Django\venv\Lib\site-packages\sqlparse\filters\right_margin.py first seen with mtime 1711375507.8121574
File C:\Users\JaneM\PycharmProjects\Django\venv\Lib\site-packages\sqlparse\formatter.py first seen with mtime 1711375507.795477
File C:\Users\JaneM\PycharmProjects\Django\venv\Lib\site-packages\django\db\models\options.py first seen with mtime 1711375544.477646
File C:\Users\JaneM\PycharmProjects\Django\venv\Lib\site-packages\django\db\models\fields\proxy.py first seen with mtime 1711375544.5524158
File C:\Users\JaneM\PycharmProjects\Django\venv\Lib\site-packages\django\core\management\commands\__init__.py first seen with mtime 1711375542.9040802
File C:\Users\JaneM\PycharmProjects\Django\venv\Lib\site-packages\django\views\generic\list.py first seen with mtime 1711375548.6557026
File C:\Users\JaneM\PycharmProjects\Django\venv\Lib\site-packages\django\apps\__init__.py first seen with mtime 1711375508.3846145
File C:\Users\JaneM\PycharmProjects\Django\venv\Lib\site-packages\django\utils\decorators.py first seen with mtime 1711375548.512557
File C:\Users\JaneM\PycharmProjects\Django\venv\Lib\site-packages\django\utils\hashable.py first seen with mtime 1711375548.524603
File C:\Users\JaneM\PycharmProjects\Django\venv\Lib\site-packages\django\utils\ipv6.py first seen with mtime 1711375548.5319192
File C:\Users\JaneM\PycharmProjects\Django\venv\Lib\site-packages\django\core\cache\backends\__init__.py first seen with mtime 1711375541.4904716
File C:\Users\JaneM\PycharmProjects\Django\venv\Lib\site-packages\django\db\migrations\operations\special.py first seen with mtime 1711375544.3866735
File C:\Users\JaneM\PycharmProjects\Django\venv\Lib\site-packages\django\contrib\contenttypes\views.py first seen with mtime 1711375519.0760226
File C:\Users\JaneM\PycharmProjects\Django\venv\Lib\site-packages\django\middleware\security.py first seen with mtime 1711375547.6004183
File C:\Users\JaneM\PycharmProjects\Django\venv\Lib\site-packages\django\contrib\sites\requests.py first seen with mtime 1711375538.9151595
File C:\Program Files\Python312\Lib\bisect.py first seen with mtime 1696242358.0
File C:\Users\JaneM\PycharmProjects\Django\venv\Lib\site-packages\django\forms\models.py first seen with mtime 1711375545.5593135
File C:\Users\JaneM\PycharmProjects\Django\venv\Lib\site-packages\django\template\loader.py first seen with mtime 1711375548.090602
File C:\Program Files\Python312\Lib\hmac.py first seen with mtime 1696242358.0
File C:\Users\JaneM\PycharmProjects\Django\venv\Lib\site-packages\django\contrib\admin\apps.py first seen with mtime 1711375509.2230272
File C:\Users\JaneM\PycharmProjects\Django\venv\Lib\site-packages\django\db\models\sql\constants.py first seen with mtime 1711375545.0139105
File C:\Program Files\Python312\Lib\asyncio\events.py first seen with mtime 1696242358.0
File C:\Users\JaneM\PycharmProjects\Django\venv\Lib\site-packages\django\utils\choices.py first seen with mtime 1711375548.4917178
File C:\Program Files\Python312\Lib\wsgiref\__init__.py first seen with mtime 1696242358.0
File C:\Program Files\Python312\Lib\email\mime\__init__.py first seen with mtime 1696242358.0
File C:\Users\JaneM\PycharmProjects\Django\venv\Lib\site-packages\django\db\backends\base\validation.py first seen with mtime 1711375543.218127
File C:\Users\JaneM\PycharmProjects\Django\venv\Lib\site-packages\django\contrib\auth\apps.py first seen with mtime 1711375516.4761379
File C:\Program Files\Python312\Lib\http\client.py first seen with mtime 1696242358.0
File C:\Users\JaneM\PycharmProjects\Django\venv\Lib\site-packages\django\db\models\signals.py first seen with mtime 1711375544.4876552
File C:\Users\JaneM\PycharmProjects\Django\venv\Lib\site-packages\django\utils\datastructures.py first seen with mtime 1711375548.4956932
File C:\Users\JaneM\PycharmProjects\Django\venv\Lib\site-packages\django\db\models\sql\where.py first seen with mtime 1711375545.4185243
File C:\Users\JaneM\PycharmProjects\Django\venv\Lib\site-packages\django\db\models\functions\comparison.py first seen with mtime 1711375544.728861
File C:\Users\JaneM\PycharmProjects\Django\venv\Lib\site-packages\django\db\backends\sqlite3\client.py first seen with mtime 1711375544.257701
File C:\Users\JaneM\PycharmProjects\Django\venv\Lib\site-packages\django\core\handlers\base.py first seen with mtime 1711375542.7521927
File C:\Program Files\Python312\Lib\importlib\__init__.py first seen with mtime 1696242358.0
File C:\Users\JaneM\PycharmProjects\Django\venv\Lib\site-packages\sqlparse\lexer.py first seen with mtime 1711375507.7974756
File C:\Users\JaneM\PycharmProjects\Django\venv\Lib\site-packages\django\contrib\admin\actions.py first seen with mtime 1711375509.2210271
File C:\Program Files\Python312\Lib\sqlite3\__init__.py first seen with mtime 1696242358.0
File C:\Users\JaneM\PycharmProjects\Django\myproject\myapp\models.py first seen with mtime 1711383159.6575227
File C:\Users\JaneM\PycharmProjects\Django\venv\Lib\site-packages\django\contrib\admin\templatetags\log.py first seen with mtime 1711375514.747977
File C:\Users\JaneM\PycharmProjects\Django\venv\Lib\site-packages\django\utils\text.py first seen with mtime 1711375548.560721
File C:\Users\JaneM\PycharmProjects\Django\venv\Lib\site-packages\django\contrib\auth\models.py first seen with mtime 1711375516.5153644
File C:\Program Files\Python312\Lib\email\_parseaddr.py first seen with mtime 1696242358.0
File C:\Program Files\Python312\Lib\typing.py first seen with mtime 1696242358.0
File C:\Users\JaneM\PycharmProjects\Django\venv\Lib\site-packages\django\contrib\staticfiles\management\__init__.py first seen with mtime 1711375541.267602
File C:\Users\JaneM\PycharmProjects\Django\venv\Lib\site-packages\django\db\models\__init__.py first seen with mtime 1711375544.389671
File C:\Program Files\Python312\Lib\asyncio\transports.py first seen with mtime 1696242358.0
File C:\Program Files\Python312\Lib\dataclasses.py first seen with mtime 1696242358.0
File C:\Program Files\Python312\Lib\email\_header_value_parser.py first seen with mtime 1696242358.0
File C:\Program Files\Python312\Lib\copy.py first seen with mtime 1696242358.0
File C:\Users\JaneM\PycharmProjects\Django\venv\Lib\site-packages\sqlparse\filters\others.py first seen with mtime 1711375507.8101583
File C:\Program Files\Python312\Lib\email\base64mime.py first seen with mtime 1696242358.0
File C:\Program Files\Python312\Lib\email\utils.py first seen with mtime 1696242358.0
File C:\Users\JaneM\PycharmProjects\Django\venv\Lib\site-packages\sqlparse\keywords.py first seen with mtime 1711375507.795477
File C:\Users\JaneM\PycharmProjects\Django\venv\Lib\site-packages\django\contrib\admin\__init__.py first seen with mtime 1711375509.2210271
File C:\Program Files\Python312\Lib\wsgiref\util.py first seen with mtime 1696242358.0
File C:\Program Files\Python312\Lib\uuid.py first seen with mtime 1696242358.0
File C:\Program Files\Python312\Lib\encodings\cp1251.py first seen with mtime 1696242358.0
File C:\Users\JaneM\PycharmProjects\Django\venv\Lib\site-packages\django\utils\translation\__init__.py first seen with mtime 1711375548.595606
File C:\Users\JaneM\PycharmProjects\Django\venv\Lib\site-packages\django\contrib\auth\signals.py first seen with mtime 1711375516.518363
File C:\Program Files\Python312\DLLs\_sqlite3.pyd first seen with mtime 1696242430.0
File C:\Users\JaneM\PycharmProjects\Django\venv\Lib\site-packages\django\contrib\sessions\apps.py first seen with mtime 1711375537.5677848
File C:\Program Files\Python312\Lib\email\errors.py first seen with mtime 1696242358.0
File C:\Users\JaneM\PycharmProjects\Django\venv\Lib\site-packages\django\forms\renderers.py first seen with mtime 1711375545.5613024
File C:\Program Files\Python312\Lib\asyncio\locks.py first seen with mtime 1696242358.0
File C:\Users\JaneM\PycharmProjects\Django\venv\Lib\site-packages\django\contrib\sessions\exceptions.py first seen with mtime 1711375537.5707822
File C:\Users\JaneM\PycharmProjects\Django\venv\Lib\site-packages\django\core\management\color.py first seen with mtime 1711375542.8420842
File C:\Program Files\Python312\DLLs\_decimal.pyd first seen with mtime 1696242428.0
File C:\Users\JaneM\PycharmProjects\Django\venv\Lib\site-packages\django\middleware\__init__.py first seen with mtime 1711375547.5382273
File C:\Users\JaneM\PycharmProjects\Django\venv\Lib\site-packages\django\core\handlers\exception.py first seen with mtime 1711375542.7531915
File C:\Users\JaneM\PycharmProjects\Django\venv\Lib\site-packages\django\db\backends\base\operations.py first seen with mtime 1711375543.2141328
File C:\Program Files\Python312\Lib\multiprocessing\reduction.py first seen with mtime 1696242358.0
File C:\Users\JaneM\PycharmProjects\Django\myproject\myproject\urls.py first seen with mtime 1711396501.291291
File C:\Program Files\Python312\Lib\zoneinfo\_common.py first seen with mtime 1696242358.0
File C:\Users\JaneM\PycharmProjects\Django\venv\Lib\site-packages\django\contrib\contenttypes\apps.py first seen with mtime 1711375519.0487857
File C:\Program Files\Python312\Lib\tokenize.py first seen with mtime 1696242358.0
File C:\Users\JaneM\PycharmProjects\Django\venv\Lib\site-packages\django\utils\module_loading.py first seen with mtime 1711375548.5537398
File C:\Program Files\Python312\Lib\platform.py first seen with mtime 1696242358.0
File C:\Program Files\Python312\DLLs\_socket.pyd first seen with mtime 1696242428.0
File C:\Program Files\Python312\Lib\email\parser.py first seen with mtime 1696242358.0
File C:\Users\JaneM\PycharmProjects\Django\venv\Lib\site-packages\django\db\utils.py first seen with mtime 1711375543.1181853
File C:\Users\JaneM\PycharmProjects\Django\venv\Lib\site-packages\django\contrib\staticfiles\checks.py first seen with mtime 1711375541.2206275
File C:\Users\JaneM\PycharmProjects\Django\venv\Lib\site-packages\django\core\files\uploadedfile.py first seen with mtime 1711375542.6312618
File C:\Users\JaneM\PycharmProjects\Django\venv\Lib\site-packages\django\contrib\admin\utils.py first seen with mtime 1711375509.2330203
File C:\Users\JaneM\PycharmProjects\Django\venv\Lib\site-packages\_virtualenv.py first seen with mtime 1711375416.8025491
File C:\Users\JaneM\PycharmProjects\Django\venv\Lib\site-packages\django\contrib\auth\forms.py first seen with mtime 1711375516.4962437
File C:\Program Files\Python312\Lib\getpass.py first seen with mtime 1696242358.0
File C:\Users\JaneM\PycharmProjects\Django\venv\Lib\site-packages\django\apps\config.py first seen with mtime 1711375508.386595
File C:\Users\JaneM\PycharmProjects\Django\venv\Lib\site-packages\django\contrib\admin\options.py first seen with mtime 1711375509.231023
File C:\Users\JaneM\PycharmProjects\Django\venv\Lib\site-packages\django\contrib\contenttypes\fields.py first seen with mtime 1711375519.061906
File C:\Program Files\Python312\Lib\types.py first seen with mtime 1696242358.0
File C:\Program Files\Python312\DLLs\_wmi.pyd first seen with mtime 1696242428.0
File C:\Program Files\Python312\Lib\asyncio\mixins.py first seen with mtime 1696242358.0
File C:\Users\JaneM\PycharmProjects\Django\venv\Lib\site-packages\django\urls\conf.py first seen with mtime 1711375548.2579515
File C:\Users\JaneM\PycharmProjects\Django\venv\Lib\site-packages\django\contrib\admin\templatetags\admin_list.py first seen with mtime 1711375514.7439811
File C:\Users\JaneM\PycharmProjects\Django\venv\Lib\site-packages\django\core\checks\__init__.py first seen with mtime 1711375541.6014085
File C:\Program Files\Python312\Lib\email\_encoded_words.py first seen with mtime 1696242358.0
File C:\Users\JaneM\PycharmProjects\Django\venv\Lib\site-packages\django\core\wsgi.py first seen with mtime 1711375541.4744813
File C:\Program Files\Python312\Lib\email\quoprimime.py first seen with mtime 1696242358.0
File C:\Program Files\Python312\Lib\mimetypes.py first seen with mtime 1696242358.0
File C:\Users\JaneM\PycharmProjects\Django\venv\Lib\site-packages\sqlparse\engine\__init__.py first seen with mtime 1711375507.8014736
File C:\Users\JaneM\PycharmProjects\Django\venv\Lib\site-packages\django\template\__init__.py first seen with mtime 1711375547.6360514
File C:\Users\JaneM\PycharmProjects\Django\venv\Lib\site-packages\django\contrib\contenttypes\admin.py first seen with mtime 1711375519.047782
File C:\Program Files\Python312\Lib\asyncio\base_futures.py first seen with mtime 1696242358.0
File C:\Users\JaneM\PycharmProjects\Django\venv\Lib\site-packages\django\apps\registry.py first seen with mtime 1711375508.3886073
File C:\Users\JaneM\PycharmProjects\Django\venv\Lib\site-packages\django\contrib\contenttypes\models.py first seen with mtime 1711375519.0709736
File C:\Users\JaneM\PycharmProjects\Django\venv\Lib\site-packages\django\http\request.py first seen with mtime 1711375547.5322297
File C:\Users\JaneM\PycharmProjects\Django\venv\Lib\site-packages\django\utils\cache.py first seen with mtime 1711375548.4901278
File C:\Program Files\Python312\Lib\email\charset.py first seen with mtime 1696242358.0
File C:\Users\JaneM\PycharmProjects\Django\venv\Lib\site-packages\django\views\generic\edit.py first seen with mtime 1711375548.6517313
File C:\Program Files\Python312\Lib\email\headerregistry.py first seen with mtime 1696242358.0
File C:\Users\JaneM\PycharmProjects\Django\venv\Lib\site-packages\django\core\checks\async_checks.py first seen with mtime 1711375541.6094038
File C:\Program Files\Python312\Lib\hashlib.py first seen with mtime 1696242358.0
File C:\Users\JaneM\PycharmProjects\Django\venv\Lib\site-packages\django\views\decorators\common.py first seen with mtime 1711375548.6297052
File C:\Users\JaneM\PycharmProjects\Django\venv\Lib\site-packages\django\contrib\messages\storage\base.py first seen with mtime 1711375530.523566
File C:\Users\JaneM\PycharmProjects\Django\venv\Lib\site-packages\asgiref\sync.py first seen with mtime 1711375508.0748284
File C:\Users\JaneM\PycharmProjects\Django\venv\Lib\site-packages\django\core\cache\utils.py first seen with mtime 1711375541.4884734
File C:\Program Files\Python312\Lib\wsgiref\simple_server.py first seen with mtime 1696242358.0
File C:\Users\JaneM\PycharmProjects\Django\venv\Lib\site-packages\django\db\models\query.py first seen with mtime 1711375544.4816437
File C:\Users\JaneM\PycharmProjects\Django\venv\Lib\site-packages\django\db\migrations\utils.py first seen with mtime 1711375544.3377008
File C:\Users\JaneM\PycharmProjects\Django\venv\Lib\site-packages\django\core\files\storage\handler.py first seen with mtime 1711375542.7342026
File C:\Users\JaneM\PycharmProjects\Django\venv\Lib\site-packages\django\db\models\deletion.py first seen with mtime 1711375544.4676511
File C:\Users\JaneM\PycharmProjects\Django\venv\Lib\site-packages\django\contrib\staticfiles\apps.py first seen with mtime 1711375541.2176297
File C:\Program Files\Python312\Lib\importlib\_abc.py first seen with mtime 1696242358.0
File C:\Program Files\Python312\Lib\asyncio\base_tasks.py first seen with mtime 1696242358.0
File C:\Users\JaneM\PycharmProjects\Django\venv\Lib\site-packages\django\db\models\utils.py first seen with mtime 1711375544.4896543
File C:\Users\JaneM\PycharmProjects\Django\venv\Lib\site-packages\django\db\models\fields\reverse_related.py first seen with mtime 1711375544.662876
File C:\Program Files\Python312\Lib\asyncio\futures.py first seen with mtime 1696242358.0
File C:\Program Files\Python312\Lib\asyncio\timeouts.py first seen with mtime 1696242358.0
File C:\Program Files\Python312\Lib\functools.py first seen with mtime 1696242358.0
File C:\Program Files\Python312\Lib\heapq.py first seen with mtime 1696242358.0
File C:\Users\JaneM\PycharmProjects\Django\myproject\myapp\admin.py first seen with mtime 1711383159.6525245
File C:\Users\JaneM\PycharmProjects\Django\venv\Lib\site-packages\django\core\checks\security\base.py first seen with mtime 1711375542.518328
File C:\Users\JaneM\PycharmProjects\Django\venv\Lib\site-packages\django\db\backends\sqlite3\creation.py first seen with mtime 1711375544.265935
File C:\Program Files\Python312\Lib\asyncio\tasks.py first seen with mtime 1696242358.0
File C:\Users\JaneM\PycharmProjects\Django\venv\Lib\site-packages\django\db\backends\sqlite3\schema.py first seen with mtime 1711375544.2777362
File C:\Program Files\Python312\Lib\glob.py first seen with mtime 1696242358.0
File C:\Program Files\Python312\Lib\email\mime\message.py first seen with mtime 1696242358.0
File C:\Users\JaneM\PycharmProjects\Django\venv\Lib\site-packages\asgiref\__init__.py first seen with mtime 1711375508.065852
File C:\Users\JaneM\PycharmProjects\Django\venv\Lib\site-packages\django\db\models\fields\mixins.py first seen with mtime 1711375544.5046442
File C:\Program Files\Python312\Lib\asyncio\queues.py first seen with mtime 1696242358.0
File C:\Users\JaneM\PycharmProjects\Django\venv\Lib\site-packages\django\core\files\storage\base.py first seen with mtime 1711375542.726207
File C:\Program Files\Python312\Lib\lzma.py first seen with mtime 1696242358.0
File C:\Users\JaneM\PycharmProjects\Django\venv\Lib\site-packages\django\contrib\auth\middleware.py first seen with mtime 1711375516.501315
File C:\Users\JaneM\PycharmProjects\Django\venv\Lib\site-packages\django\db\models\functions\mixins.py first seen with mtime 1711375544.841936
File C:\Users\JaneM\PycharmProjects\Django\venv\Lib\site-packages\django\core\files\storage\__init__.py first seen with mtime 1711375542.7242074
File C:\Users\JaneM\PycharmProjects\Django\venv\Lib\site-packages\django\forms\widgets.py first seen with mtime 1711375545.5652983
File C:\Users\JaneM\PycharmProjects\Django\venv\Lib\site-packages\django\contrib\staticfiles\views.py first seen with mtime 1711375541.2666018
File C:\Users\JaneM\PycharmProjects\Django\venv\Lib\site-packages\django\db\models\fields\__init__.py first seen with mtime 1711375544.4936512
File C:\Users\JaneM\PycharmProjects\Django\venv\Lib\site-packages\django\utils\inspect.py first seen with mtime 1711375548.5309198
File C:\Users\JaneM\PycharmProjects\Django\venv\Lib\site-packages\django\core\handlers\__init__.py first seen with mtime 1711375542.748197
File C:\Users\JaneM\PycharmProjects\Django\venv\Lib\site-packages\django\utils\dateparse.py first seen with mtime 1711375548.5066657
File C:\Program Files\Python312\Lib\email\contentmanager.py first seen with mtime 1696242358.0
File C:\Program Files\Python312\DLLs\_ssl.pyd first seen with mtime 1696242430.0
File C:\Program Files\Python312\DLLs\_bz2.pyd first seen with mtime 1696242430.0
File C:\Users\JaneM\PycharmProjects\Django\venv\Lib\site-packages\django\contrib\auth\hashers.py first seen with mtime 1711375516.4982436
File C:\Users\JaneM\PycharmProjects\Django\venv\Lib\site-packages\django\template\backends\__init__.py first seen with mtime 1711375548.102592
File C:\Program Files\Python312\Lib\html\entities.py first seen with mtime 1696242358.0
File C:\Users\JaneM\PycharmProjects\Django\venv\Lib\site-packages\django\db\backends\sqlite3\features.py first seen with mtime 1711375544.2677374
File C:\Program Files\Python312\Lib\zoneinfo\__init__.py first seen with mtime 1696242358.0
File C:\Program Files\Python312\Lib\asyncio\exceptions.py first seen with mtime 1696242358.0
File C:\Users\JaneM\PycharmProjects\Django\venv\Lib\site-packages\django\contrib\admin\helpers.py first seen with mtime 1711375509.2290225
File C:\Users\JaneM\PycharmProjects\Django\venv\Lib\site-packages\django\core\checks\security\sessions.py first seen with mtime 1711375542.5283215
File C:\Program Files\Python312\Lib\asyncio\format_helpers.py first seen with mtime 1696242358.0
File C:\Users\JaneM\PycharmProjects\Django\venv\Lib\site-packages\django\core\handlers\wsgi.py first seen with mtime 1711375542.7561908
File C:\Users\JaneM\PycharmProjects\Django\venv\Lib\site-packages\django\db\models\sql\subqueries.py first seen with mtime 1711375545.4165268
File C:\Users\JaneM\PycharmProjects\Django\venv\Lib\site-packages\django\core\files\__init__.py first seen with mtime 1711375542.538316
File C:\Program Files\Python312\Lib\concurrent\futures\_base.py first seen with mtime 1696242358.0
File C:\Program Files\Python312\Lib\argparse.py first seen with mtime 1696242358.0
File C:\Users\JaneM\PycharmProjects\Django\venv\Lib\site-packages\django\db\migrations\exceptions.py first seen with mtime 1711375544.285731
File C:\Users\JaneM\PycharmProjects\Django\venv\Lib\site-packages\django\utils\deprecation.py first seen with mtime 1711375548.5135627
File C:\Users\JaneM\PycharmProjects\Django\venv\Lib\site-packages\sqlparse\engine\grouping.py first seen with mtime 1711375507.8034723
File C:\Program Files\Python312\Lib\keyword.py first seen with mtime 1696242358.0
File C:\Program Files\Python312\Lib\asyncio\trsock.py first seen with mtime 1696242358.0
File C:\Users\JaneM\PycharmProjects\Django\venv\Lib\site-packages\django\core\checks\registry.py first seen with mtime 1711375542.2854133
File C:\Users\JaneM\PycharmProjects\Django\venv\Lib\site-packages\django\core\signing.py first seen with mtime 1711375541.466485
File C:\Users\JaneM\PycharmProjects\Django\venv\Lib\site-packages\django\utils\html.py first seen with mtime 1711375548.5289185
File C:\Users\JaneM\PycharmProjects\Django\venv\Lib\site-packages\django\db\migrations\operations\__init__.py first seen with mtime 1711375544.348696
File C:\Users\JaneM\PycharmProjects\Django\venv\Lib\site-packages\django\db\models\functions\math.py first seen with mtime 1711375544.7318509
File C:\Users\JaneM\PycharmProjects\Django\venv\Lib\site-packages\django\templatetags\tz.py first seen with mtime 1711375548.2229364
File C:\Program Files\Python312\Lib\ipaddress.py first seen with mtime 1696242358.0
File C:\Program Files\Python312\Lib\json\__init__.py first seen with mtime 1696242358.0
File C:\Program Files\Python312\Lib\linecache.py first seen with mtime 1696242358.0
File C:\Users\JaneM\PycharmProjects\Django\venv\Lib\site-packages\django\contrib\admin\models.py first seen with mtime 1711375509.2290225
File C:\Users\JaneM\PycharmProjects\Django\venv\Lib\site-packages\django\db\migrations\operations\base.py first seen with mtime 1711375544.351695
File C:\Users\JaneM\PycharmProjects\Django\venv\Lib\site-packages\django\utils\functional.py first seen with mtime 1711375548.5236034
File C:\Users\JaneM\PycharmProjects\Django\venv\Lib\site-packages\django\utils\tree.py first seen with mtime 1711375548.5672033
File C:\Users\JaneM\PycharmProjects\Django\venv\Lib\site-packages\django\utils\http.py first seen with mtime 1711375548.5299203
File C:\Program Files\Python312\Lib\difflib.py first seen with mtime 1696242358.0
File C:\Users\JaneM\PycharmProjects\Django\venv\Lib\site-packages\django\contrib\admin\sites.py first seen with mtime 1711375509.231023
File C:\Program Files\Python312\Lib\_markupbase.py first seen with mtime 1696242358.0
File C:\Users\JaneM\PycharmProjects\Django\venv\Lib\site-packages\django\contrib\sessions\__init__.py first seen with mtime 1711375537.5637867
File C:\Users\JaneM\PycharmProjects\Django\venv\Lib\site-packages\django\utils\encoding.py first seen with mtime 1711375548.515561
File C:\Users\JaneM\PycharmProjects\Django\venv\Lib\site-packages\django\views\debug.py first seen with mtime 1711375548.6146448
File C:\Program Files\Python312\Lib\statistics.py first seen with mtime 1696242358.0
File C:\Users\JaneM\PycharmProjects\Django\venv\Lib\site-packages\django\views\decorators\__init__.py first seen with mtime 1711375548.621653
File C:\Users\JaneM\PycharmProjects\Django\venv\Lib\site-packages\sqlparse\utils.py first seen with mtime 1711375507.8014736
File C:\Users\JaneM\PycharmProjects\Django\venv\Lib\site-packages\django\template\defaultfilters.py first seen with mtime 1711375548.0165412
File C:\Program Files\Python312\Lib\tempfile.py first seen with mtime 1696242358.0
File C:\Program Files\Python312\DLLs\select.pyd first seen with mtime 1696242428.0
File C:\Users\JaneM\PycharmProjects\Django\venv\Lib\site-packages\django\urls\exceptions.py first seen with mtime 1711375548.4687805
File C:\Users\JaneM\PycharmProjects\Django\venv\Lib\site-packages\django\contrib\auth\backends.py first seen with mtime 1711375516.478194
File C:\Users\JaneM\PycharmProjects\Django\venv\Lib\site-packages\django\template\loader_tags.py first seen with mtime 1711375548.0925977
File C:\Users\JaneM\PycharmProjects\Django\venv\Lib\site-packages\django\core\checks\model_checks.py first seen with mtime 1711375542.2844243
File C:\Program Files\Python312\Lib\email\iterators.py first seen with mtime 1696242358.0
File C:\Program Files\Python312\Lib\gzip.py first seen with mtime 1696242358.0
File C:\Users\JaneM\PycharmProjects\Django\venv\Lib\site-packages\django\middleware\common.py first seen with mtime 1711375547.547222
File C:\Users\JaneM\PycharmProjects\Django\venv\Lib\site-packages\django\template\base.py first seen with mtime 1711375547.6380503
File C:\Users\JaneM\PycharmProjects\Django\venv\Lib\site-packages\django\utils\numberformat.py first seen with mtime 1711375548.5547245
File C:\Program Files\Python312\Lib\selectors.py first seen with mtime 1696242358.0
File C:\Users\JaneM\PycharmProjects\Django\venv\Lib\site-packages\django\core\cache\backends\filebased.py first seen with mtime 1711375541.4994688
File C:\Program Files\Python312\Lib\collections\__init__.py first seen with mtime 1696242358.0
File C:\Users\JaneM\PycharmProjects\Django\venv\Lib\site-packages\django\core\files\base.py first seen with mtime 1711375542.5393157
File C:\Users\JaneM\PycharmProjects\Django\venv\Lib\site-packages\django\views\decorators\cache.py first seen with mtime 1711375548.6226408
File C:\Users\JaneM\PycharmProjects\Django\venv\Lib\site-packages\django\core\checks\compatibility\__init__.py first seen with mtime 1711375542.4353714
File C:\Program Files\Python312\Lib\fnmatch.py first seen with mtime 1696242358.0
File C:\Users\JaneM\PycharmProjects\Django\venv\Lib\site-packages\django\db\models\base.py first seen with mtime 1711375544.4006677
File C:\Users\JaneM\PycharmProjects\Django\venv\Lib\site-packages\django\forms\forms.py first seen with mtime 1711375545.5502071
File C:\Users\JaneM\PycharmProjects\Django\venv\Lib\site-packages\django\conf\global_settings.py first seen with mtime 1711375508.4250565
File C:\Users\JaneM\PycharmProjects\Django\myproject\manage.py first seen with mtime 1711375912.3876362
File C:\Users\JaneM\PycharmProjects\Django\venv\Lib\site-packages\django\contrib\sites\__init__.py first seen with mtime 1711375538.893355
File C:\Program Files\Python312\Lib\numbers.py first seen with mtime 1696242358.0
File C:\Program Files\Python312\Lib\concurrent\futures\__init__.py first seen with mtime 1696242358.0
File C:\Users\JaneM\PycharmProjects\Django\venv\Lib\site-packages\django\core\management\__init__.py first seen with mtime 1711375542.8330898
File C:\Users\JaneM\PycharmProjects\Django\venv\Lib\site-packages\django\contrib\auth\validators.py first seen with mtime 1711375516.5355408
File C:\Program Files\Python312\Lib\datetime.py first seen with mtime 1696242358.0
File C:\Users\JaneM\PycharmProjects\Django\venv\Lib\site-packages\django\contrib\admin\filters.py first seen with mtime 1711375509.2250264
File C:\Users\JaneM\PycharmProjects\Django\venv\Lib\site-packages\django\contrib\admin\views\main.py first seen with mtime 1711375514.7519753
File C:\Program Files\Python312\Lib\_compat_pickle.py first seen with mtime 1696242358.0
File C:\Program Files\Python312\DLLs\_zoneinfo.pyd first seen with mtime 1696242430.0
File C:\Program Files\Python312\Lib\asyncio\log.py first seen with mtime 1696242358.0
File C:\Users\JaneM\PycharmProjects\Django\venv\Lib\site-packages\django\core\checks\translation.py first seen with mtime 1711375542.2874146
File C:\Users\JaneM\PycharmProjects\Django\venv\Lib\site-packages\django\http\cookie.py first seen with mtime 1711375547.5292397
File C:\Program Files\Python312\Lib\html\__init__.py first seen with mtime 1696242358.0
File C:\Users\JaneM\PycharmProjects\Django\venv\Lib\site-packages\django\db\transaction.py first seen with mtime 1711375543.1161883
File C:\Program Files\Python312\Lib\email\message.py first seen with mtime 1696242358.0
File C:\Users\JaneM\PycharmProjects\Django\venv\Lib\site-packages\django\contrib\admin\templatetags\base.py first seen with mtime 1711375514.747977
File C:\Users\JaneM\PycharmProjects\Django\venv\Lib\site-packages\django\core\exceptions.py first seen with mtime 1711375541.4035225
File C:\Users\JaneM\PycharmProjects\Django\venv\Lib\site-packages\django\utils\asyncio.py first seen with mtime 1711375548.4836755
File C:\Program Files\Python312\Lib\string.py first seen with mtime 1696242358.0
File C:\Users\JaneM\PycharmProjects\Django\venv\Lib\site-packages\django\db\backends\sqlite3\_functions.py first seen with mtime 1711375544.2557042
File C:\Users\JaneM\PycharmProjects\Django\venv\Lib\site-packages\django\template\loaders\cached.py first seen with mtime 1711375548.1256156
File C:\Users\JaneM\PycharmProjects\Django\venv\Lib\site-packages\django\core\signals.py first seen with mtime 1711375541.4614906
File C:\Users\JaneM\PycharmProjects\Django\venv\Lib\site-packages\django\views\generic\base.py first seen with mtime 1711375548.648731
File C:\Program Files\Python312\Lib\http\__init__.py first seen with mtime 1696242358.0
File C:\Users\JaneM\PycharmProjects\Django\venv\Lib\site-packages\asgiref\current_thread_executor.py first seen with mtime 1711375508.0698411
File C:\Users\JaneM\PycharmProjects\Django\venv\Lib\site-packages\django\core\checks\templates.py first seen with mtime 1711375542.286415
File C:\Users\JaneM\PycharmProjects\Django\venv\Lib\site-packages\django\core\cache\backends\locmem.py first seen with mtime 1711375541.5634325
File C:\Users\JaneM\PycharmProjects\Django\venv\Lib\site-packages\django\utils\__init__.py first seen with mtime 1711375548.4727786
File C:\Program Files\Python312\DLLs\unicodedata.pyd first seen with mtime 1696242430.0
File C:\Users\JaneM\PycharmProjects\Django\venv\Lib\site-packages\django\http\multipartparser.py first seen with mtime 1711375547.5312302
File C:\Users\JaneM\PycharmProjects\Django\venv\Lib\site-packages\django\core\servers\basehttp.py first seen with mtime 1711375543.1071904
File C:\Users\JaneM\PycharmProjects\Django\venv\Lib\site-packages\django\db\models\enums.py first seen with mtime 1711375544.468649
File C:\Users\JaneM\PycharmProjects\Django\venv\Lib\site-packages\django\utils\termcolors.py first seen with mtime 1711375548.5597215
File C:\Users\JaneM\PycharmProjects\Django\venv\Lib\site-packages\sqlparse\engine\filter_stack.py first seen with mtime 1711375507.8034723
File C:\Program Files\Python312\Lib\urllib\request.py first seen with mtime 1696242358.0
File C:\Users\JaneM\PycharmProjects\Django\venv\Lib\site-packages\django\utils\formats.py first seen with mtime 1711375548.5226038
File C:\Program Files\Python312\Lib\http\server.py first seen with mtime 1696242358.0
File C:\Program Files\Python312\Lib\asyncio\threads.py first seen with mtime 1696242358.0
File C:\Users\JaneM\PycharmProjects\Django\venv\Lib\site-packages\django\db\models\fields\related.py first seen with mtime 1711375544.5554166
File C:\Program Files\Python312\Lib\ctypes\wintypes.py first seen with mtime 1696242358.0
File C:\Program Files\Python312\Lib\email\mime\base.py first seen with mtime 1696242358.0
File C:\Users\JaneM\PycharmProjects\Django\venv\Lib\site-packages\django\contrib\auth\base_user.py first seen with mtime 1711375516.4791944
File C:\Program Files\Python312\Lib\asyncio\subprocess.py first seen with mtime 1696242358.0
File C:\Users\JaneM\PycharmProjects\Django\venv\Lib\site-packages\django\db\models\fields\related_descriptors.py first seen with mtime 1711375544.5564153
File C:\Program Files\Python312\Lib\logging\config.py first seen with mtime 1696242358.0
File C:\Program Files\Python312\DLLs\_hashlib.pyd first seen with mtime 1696242428.0
File C:\Users\JaneM\PycharmProjects\Django\venv\Lib\site-packages\django\contrib\sessions\models.py first seen with mtime 1711375537.5846968
File C:\Program Files\Python312\Lib\re\_parser.py first seen with mtime 1696242358.0
File C:\Users\JaneM\PycharmProjects\Django\venv\Lib\site-packages\django\db\backends\base\__init__.py first seen with mtime 1711375543.1541636
File C:\Users\JaneM\PycharmProjects\Django\venv\Lib\site-packages\django\core\files\storage\filesystem.py first seen with mtime 1711375542.7322035
File C:\Program Files\Python312\Lib\asyncio\selector_events.py first seen with mtime 1696242358.0
File C:\Users\JaneM\PycharmProjects\Django\venv\Lib\site-packages\django\core\files\storage\memory.py first seen with mtime 1711375542.7352023
File C:\Program Files\Python312\DLLs\_asyncio.pyd first seen with mtime 1696242428.0
File C:\Users\JaneM\PycharmProjects\Django\venv\Lib\site-packages\django\db\models\constants.py first seen with mtime 1711375544.4026654
File C:\Program Files\Python312\Lib\asyncio\protocols.py first seen with mtime 1696242358.0
File C:\Users\JaneM\PycharmProjects\Django\venv\Lib\site-packages\django\utils\regex_helper.py first seen with mtime 1711375548.5557253
File C:\Users\JaneM\PycharmProjects\Django\venv\Lib\site-packages\django\forms\formsets.py first seen with mtime 1711375545.552205
File C:\Users\JaneM\PycharmProjects\Django\venv\Lib\site-packages\django\db\models\sql\__init__.py first seen with mtime 1711375544.9383428
File C:\Program Files\Python312\Lib\struct.py first seen with mtime 1696242358.0
File C:\Users\JaneM\PycharmProjects\Django\venv\Lib\site-packages\django\db\models\lookups.py first seen with mtime 1711375544.4746454
File C:\Users\JaneM\PycharmProjects\Django\venv\Lib\site-packages\django\dispatch\__init__.py first seen with mtime 1711375545.419525
File C:\Program Files\Python312\Lib\email\mime\text.py first seen with mtime 1696242358.0
File C:\Program Files\Python312\Lib\traceback.py first seen with mtime 1696242358.0
File C:\Users\JaneM\PycharmProjects\Django\venv\Lib\site-packages\django\db\backends\signals.py first seen with mtime 1711375543.1501658
File C:\Users\JaneM\PycharmProjects\Django\venv\Lib\site-packages\django\utils\itercompat.py first seen with mtime 1711375548.538631
File C:\Users\JaneM\PycharmProjects\Django\venv\Lib\site-packages\django\template\loaders\filesystem.py first seen with mtime 1711375548.1286137
File C:\Program Files\Python312\Lib\enum.py first seen with mtime 1696242358.0
File C:\Users\JaneM\PycharmProjects\Django\venv\Lib\site-packages\django\utils\version.py first seen with mtime 1711375548.5858536
File C:\Program Files\Python312\Lib\email\generator.py first seen with mtime 1696242358.0
File C:\Program Files\Python312\Lib\token.py first seen with mtime 1696242358.0
File C:\Program Files\Python312\Lib\pickle.py first seen with mtime 1696242358.0
File C:\Program Files\Python312\Lib\asyncio\coroutines.py first seen with mtime 1696242358.0
File C:\Program Files\Python312\DLLs\_ctypes.pyd first seen with mtime 1696242428.0
File C:\Program Files\Python312\Lib\socketserver.py first seen with mtime 1696242358.0
File C:\Users\JaneM\PycharmProjects\Django\venv\Lib\site-packages\django\core\management\base.py first seen with mtime 1711375542.8350883
File C:\Program Files\Python312\Lib\contextlib.py first seen with mtime 1696242358.0
File C:\Users\JaneM\PycharmProjects\Django\venv\Lib\site-packages\django\contrib\auth\management\__init__.py first seen with mtime 1711375518.3228247
File C:\Users\JaneM\PycharmProjects\Django\myproject\myproject\__init__.py first seen with mtime 1711375912.4036274
File C:\Users\JaneM\PycharmProjects\Django\venv\Lib\site-packages\sqlparse\filters\__init__.py first seen with mtime 1711375507.8061595
File C:\Program Files\Python312\Lib\graphlib.py first seen with mtime 1696242358.0
File C:\Program Files\Python312\Lib\email\policy.py first seen with mtime 1696242358.0
File C:\Program Files\Python312\Lib\asyncio\taskgroups.py first seen with mtime 1696242358.0
File C:\Users\JaneM\PycharmProjects\Django\venv\Lib\site-packages\django\contrib\admin\views\autocomplete.py first seen with mtime 1711375514.7499754
File C:\Users\JaneM\PycharmProjects\Django\venv\Lib\site-packages\django\core\files\utils.py first seen with mtime 1711375542.7222092
File C:\Users\JaneM\PycharmProjects\Django\venv\Lib\site-packages\sqlparse\filters\reindent.py first seen with mtime 1711375507.8101583
File C:\Program Files\Python312\Lib\collections\abc.py first seen with mtime 1696242358.0
File C:\Users\JaneM\PycharmProjects\Django\venv\Lib\site-packages\django\template\context.py first seen with mtime 1711375547.63905
File C:\Users\JaneM\PycharmProjects\Django\venv\Lib\site-packages\django\contrib\sessions\base_session.py first seen with mtime 1711375537.569784
File C:\Users\JaneM\PycharmProjects\Django\venv\Lib\site-packages\django\core\serializers\__init__.py first seen with mtime 1711375543.040124
File C:\Users\JaneM\PycharmProjects\Django\venv\Lib\site-packages\django\core\paginator.py first seen with mtime 1711375541.4055326
File C:\Program Files\Python312\Lib\re\_constants.py first seen with mtime 1696242358.0
File C:\Program Files\Python312\Lib\urllib\response.py first seen with mtime 1696242358.0
File C:\Users\JaneM\PycharmProjects\Django\venv\Lib\site-packages\django\core\serializers\json.py first seen with mtime 1711375543.0461211
File C:\Program Files\Python312\Lib\shutil.py first seen with mtime 1696242358.0
File C:\Program Files\Python312\Lib\gettext.py first seen with mtime 1696242358.0
File C:\Users\JaneM\PycharmProjects\Django\venv\Lib\site-packages\django\http\response.py first seen with mtime 1711375547.537229
File C:\Program Files\Python312\Lib\dis.py first seen with mtime 1696242358.0
File C:\Program Files\Python312\Lib\encodings\utf_8.py first seen with mtime 1696242358.0
File C:\Users\JaneM\PycharmProjects\Django\venv\Lib\site-packages\django\template\engine.py first seen with mtime 1711375548.0195377
File C:\Program Files\Python312\Lib\asyncio\proactor_events.py first seen with mtime 1696242358.0
File C:\Users\JaneM\PycharmProjects\Django\venv\Lib\site-packages\django\db\models\manager.py first seen with mtime 1711375544.4766457
File C:\Users\JaneM\PycharmProjects\Django\venv\Lib\site-packages\django\utils\timesince.py first seen with mtime 1711375548.5617204
File C:\Users\JaneM\PycharmProjects\Django\venv\Lib\site-packages\django\db\models\query_utils.py first seen with mtime 1711375544.4866507
File C:\Users\JaneM\PycharmProjects\Django\venv\Lib\site-packages\django\contrib\admin\widgets.py first seen with mtime 1711375509.2330203
File C:\Users\JaneM\PycharmProjects\Django\venv\Lib\site-packages\django\db\migrations\state.py first seen with mtime 1711375544.335703
File C:\Users\JaneM\PycharmProjects\Django\venv\Lib\site-packages\django\http\__init__.py first seen with mtime 1711375547.5262358
File C:\Program Files\Python312\Lib\bz2.py first seen with mtime 1696242358.0
File C:\Users\JaneM\PycharmProjects\Django\venv\Lib\site-packages\django\db\backends\sqlite3\__init__.py first seen with mtime 1711375544.2406604
File C:\Users\JaneM\PycharmProjects\Django\venv\Lib\site-packages\django\utils\timezone.py first seen with mtime 1711375548.5627203
File C:\Program Files\Python312\Lib\nturl2path.py first seen with mtime 1696242358.0
File C:\Program Files\Python312\Lib\encodings\aliases.py first seen with mtime 1696242358.0
File C:\Program Files\Python312\Lib\ctypes\__init__.py first seen with mtime 1696242358.0
File C:\Program Files\Python312\Lib\base64.py first seen with mtime 1696242358.0
File C:\Users\JaneM\PycharmProjects\Django\venv\Lib\site-packages\django\templatetags\l10n.py first seen with mtime 1711375548.2199502
File C:\Users\JaneM\PycharmProjects\Django\venv\Lib\site-packages\sqlparse\filters\tokens.py first seen with mtime 1711375507.8141558
File C:\Users\JaneM\PycharmProjects\Django\venv\Lib\site-packages\django\db\migrations\migration.py first seen with mtime 1711375544.2967336
File C:\Users\JaneM\PycharmProjects\Django\venv\Lib\site-packages\django\forms\utils.py first seen with mtime 1711375545.5633101
File C:\Users\JaneM\PycharmProjects\Django\venv\Lib\site-packages\django\template\utils.py first seen with mtime 1711375548.1015923
File C:\Users\JaneM\PycharmProjects\Django\venv\Lib\site-packages\django\utils\translation\reloader.py first seen with mtime 1711375548.5966077
File C:\Program Files\Python312\Lib\urllib\__init__.py first seen with mtime 1696242358.0
File C:\Users\JaneM\PycharmProjects\Django\venv\Lib\site-packages\django\core\handlers\asgi.py first seen with mtime 1711375542.7501934
File C:\Users\JaneM\PycharmProjects\Django\venv\Lib\site-packages\django\core\serializers\base.py first seen with mtime 1711375543.0411236
File C:\Program Files\Python312\Lib\json\encoder.py first seen with mtime 1696242358.0
File C:\Users\JaneM\PycharmProjects\Django\venv\Lib\site-packages\django\contrib\sites\shortcuts.py first seen with mtime 1711375538.9171598
File C:\Users\JaneM\PycharmProjects\Django\venv\Lib\site-packages\django\middleware\cache.py first seen with mtime 1711375547.5392253
File C:\Program Files\Python312\Lib\email\mime\nonmultipart.py first seen with mtime 1696242358.0
File C:\Users\JaneM\PycharmProjects\Django\venv\Lib\site-packages\django\contrib\messages\utils.py first seen with mtime 1711375530.51757
File C:\Users\JaneM\PycharmProjects\Django\myproject\myapp\__init__.py first seen with mtime 1711383159.6599908
File C:\Program Files\Python312\DLLs\_overlapped.pyd first seen with mtime 1696242430.0
File C:\Program Files\Python312\Lib\html\parser.py first seen with mtime 1696242358.0
File C:\Users\JaneM\PycharmProjects\Django\venv\Lib\site-packages\django\core\files\temp.py first seen with mtime 1711375542.5533068
File C:\Users\JaneM\PycharmProjects\Django\venv\Lib\site-packages\django\db\backends\base\introspection.py first seen with mtime 1711375543.2111297
File C:\Users\JaneM\PycharmProjects\Django\venv\Lib\site-packages\django\contrib\auth\migrations\0004_alter_user_username_opts.py first seen with mtime 1711375518.356184
File C:\Users\JaneM\PycharmProjects\Django\venv\Lib\site-packages\django\contrib\contenttypes\migrations\0001_initial.py first seen with mtime 1711375520.1830828
File C:\Users\JaneM\PycharmProjects\Django\venv\Lib\site-packages\django\contrib\admin\migrations\0001_initial.py first seen with mtime 1711375514.3069322
File C:\Users\JaneM\PycharmProjects\Django\venv\Lib\site-packages\django\contrib\messages\middleware.py first seen with mtime 1711375530.5135736
File C:\Users\JaneM\PycharmProjects\Django\venv\Lib\site-packages\django\contrib\auth\migrations\0001_initial.py first seen with mtime 1711375518.3268225
File C:\Users\JaneM\PycharmProjects\Django\venv\Lib\site-packages\django\contrib\auth\migrations\__init__.py first seen with mtime 1711375518.6874092
File C:\Users\JaneM\PycharmProjects\Django\venv\Lib\site-packages\django\contrib\auth\migrations\0002_alter_permission_name_max_length.py first seen with mtime 1711375518.3278222
File C:\Users\JaneM\PycharmProjects\Django\venv\Lib\site-packages\django\contrib\auth\migrations\0006_require_contenttypes_0002.py first seen with mtime 1711375518.6784146
File C:\Users\JaneM\PycharmProjects\Django\venv\Lib\site-packages\django\contrib\admin\migrations\0002_logentry_remove_auto_add.py first seen with mtime 1711375514.3069322
File C:\Users\JaneM\PycharmProjects\Django\venv\Lib\site-packages\django\contrib\admin\migrations\0003_logentry_add_action_flag_choices.py first seen with mtime 1711375514.3089304
File C:\Users\JaneM\PycharmProjects\Django\venv\Lib\site-packages\django\middleware\clickjacking.py first seen with mtime 1711375547.546223
File C:\Program Files\Python312\Lib\encodings\idna.py first seen with mtime 1696242358.0
File C:\Users\JaneM\PycharmProjects\Django\venv\Lib\site-packages\django\contrib\sessions\migrations\__init__.py first seen with mtime 1711375538.883361
File C:\Users\JaneM\PycharmProjects\Django\venv\Lib\site-packages\django\contrib\auth\migrations\0010_alter_group_name_max_length.py first seen with mtime 1711375518.6834097
File C:\Users\JaneM\PycharmProjects\Django\venv\Lib\site-packages\django\contrib\contenttypes\migrations\0002_remove_content_type_name.py first seen with mtime 1711375520.184081
File C:\Users\JaneM\PycharmProjects\Django\venv\Lib\site-packages\django\contrib\auth\migrations\0008_alter_user_username_max_length.py first seen with mtime 1711375518.681411
File C:\Users\JaneM\PycharmProjects\Django\venv\Lib\site-packages\django\contrib\sessions\backends\db.py first seen with mtime 1711375537.5973568
File C:\Users\JaneM\PycharmProjects\Django\venv\Lib\site-packages\django\contrib\auth\migrations\0007_alter_validators_add_error_messages.py first seen with mtime 1711375518.6804118
File C:\Users\JaneM\PycharmProjects\Django\venv\Lib\site-packages\django\db\migrations\recorder.py first seen with mtime 1711375544.3017216
File C:\Users\JaneM\PycharmProjects\Django\venv\Lib\site-packages\django\conf\urls\__init__.py first seen with mtime 1711375509.2170303
File C:\Users\JaneM\PycharmProjects\Django\venv\Lib\site-packages\django\contrib\auth\migrations\0009_alter_user_last_name_max_length.py first seen with mtime 1711375518.682411
File C:\Users\JaneM\PycharmProjects\Django\venv\Lib\site-packages\django\views\csrf.py first seen with mtime 1711375548.6116464
File C:\Users\JaneM\PycharmProjects\Django\venv\Lib\site-packages\django\db\migrations\loader.py first seen with mtime 1711375544.290728
File C:\Program Files\Python312\Lib\stringprep.py first seen with mtime 1696242358.0
File C:\Users\JaneM\PycharmProjects\Django\venv\Lib\site-packages\django\contrib\auth\migrations\0011_update_proxy_permissions.py first seen with mtime 1711375518.68441
File C:\Users\JaneM\PycharmProjects\Django\venv\Lib\site-packages\django\views\defaults.py first seen with mtime 1711375548.615644
File C:\Users\JaneM\PycharmProjects\Django\venv\Lib\site-packages\django\contrib\auth\migrations\0005_alter_user_last_login_null.py first seen with mtime 1711375518.357244
File C:\Users\JaneM\PycharmProjects\Django\venv\Lib\site-packages\django\contrib\auth\migrations\0012_alter_user_first_name_max_length.py first seen with mtime 1711375518.686419
File C:\Users\JaneM\PycharmProjects\Django\venv\Lib\site-packages\django\db\migrations\executor.py first seen with mtime 1711375544.2877307
File C:\Users\JaneM\PycharmProjects\Django\venv\Lib\site-packages\django\contrib\admin\migrations\__init__.py first seen with mtime 1711375514.310929
File C:\Users\JaneM\PycharmProjects\Django\venv\Lib\site-packages\django\contrib\sessions\migrations\0001_initial.py first seen with mtime 1711375538.881363
File C:\Users\JaneM\PycharmProjects\Django\myproject\myapp\migrations\__init__.py first seen with mtime 1711383159.6609895
File C:\Users\JaneM\PycharmProjects\Django\venv\Lib\site-packages\django\contrib\auth\migrations\0003_alter_user_email_max_length.py first seen with mtime 1711375518.3551848
File C:\Users\JaneM\PycharmProjects\Django\myproject\myproject\wsgi.py first seen with mtime 1711375912.4016285
File C:\Users\JaneM\PycharmProjects\Django\venv\Lib\site-packages\django\contrib\contenttypes\migrations\__init__.py first seen with mtime 1711375520.1850803
File C:\Users\JaneM\PycharmProjects\Django\venv\Lib\site-packages\django\db\migrations\graph.py first seen with mtime 1711375544.2887301
File C:\Users\JaneM\PycharmProjects\Django\myproject\myproject\settings.py previous mtime: 1711443381.1543996, current mtime: 1711443400.8823218
C:\Users\JaneM\PycharmProjects\Django\myproject\myproject\settings.py notified as changed. Signal results: [(<function template_changed at 0x0000029D3721B4C0>, None), (<function translation_file_changed at 0x0000029D38313F60>, None)].
C:\Users\JaneM\PycharmProjects\Django\myproject\myproject\settings.py changed, reloading.
Watching for file changes with StatReloader
C:\Users\JaneM\PycharmProjects\Django\myproject\myproject\settings.py changed, reloading.
Watching for file changes with StatReloader
Not Found: /
"GET / HTTP/1.1" 404 179
Index page accessed
"GET /prefix/ HTTP/1.1" 200 13
Error in about page: division by zero
Traceback (most recent call last):
  File "C:\Users\JaneM\PycharmProjects\Django\myproject\myapp\views.py", line 16, in about
    result = 1 / 0
             ~~^~~
ZeroDivisionError: division by zero
"GET /prefix/about/ HTTP/1.1" 200 27
C:\Users\JaneM\PycharmProjects\Django\myproject\myproject\settings.py changed, reloading.
Watching for file changes with StatReloader
C:\Users\JaneM\PycharmProjects\Django\myproject\myproject\settings.py changed, reloading.
INFO 2024-03-26 12:02:55,464 autoreload 14664 10616 Watching for file changes with StatReloader
WARNING 2024-03-26 12:03:44,330 log 14664 14504 Not Found: /
WARNING 2024-03-26 12:03:44,334 basehttp 14664 14504 "GET / HTTP/1.1" 404 179
WARNING 2024-03-26 12:03:55,085 log 14664 14504 Not Found: /about/
WARNING 2024-03-26 12:03:55,086 basehttp 14664 14504 "GET /about/ HTTP/1.1" 404 179
WARNING 2024-03-26 12:03:59,742 log 14664 14504 Not Found: /about/
WARNING 2024-03-26 12:03:59,743 basehttp 14664 14504 "GET /about/ HTTP/1.1" 404 179
INFO 2024-03-26 12:07:06,368 autoreload 14664 10616 C:\Users\JaneM\PycharmProjects\Django\myproject\myproject\settings.py changed, reloading.
INFO 2024-03-26 12:07:07,867 autoreload 12676 12672 Watching for file changes with StatReloader
INFO 2024-03-26 12:07:41,559 autoreload 12676 12672 C:\Users\JaneM\PycharmProjects\Django\myproject\myproject\settings.py changed, reloading.
INFO 2024-03-26 12:07:42,411 autoreload 8972 13520 Watching for file changes with StatReloader
INFO 2024-03-26 12:08:02,840 autoreload 8972 13520 C:\Users\JaneM\PycharmProjects\Django\myproject\myproject\settings.py changed, reloading.
INFO 2024-03-26 12:08:03,888 autoreload 12344 5444 Watching for file changes with StatReloader
WARNING 2024-03-26 12:08:44,709 log 12344 12564 Not Found: /
WARNING 2024-03-26 12:08:44,720 basehttp 12344 12564 "GET / HTTP/1.1" 404 179
WARNING 2024-03-26 12:08:49,738 log 12344 12564 Not Found: /about/
WARNING 2024-03-26 12:08:49,739 basehttp 12344 12564 "GET /about/ HTTP/1.1" 404 179
WARNING 2024-03-26 12:08:51,813 log 12344 12564 Not Found: /about/
WARNING 2024-03-26 12:08:51,814 basehttp 12344 12564 "GET /about/ HTTP/1.1" 404 179
INFO 2024-03-26 12:09:03,863 views 12344 12564 Index page accessed
INFO 2024-03-26 12:09:03,865 basehttp 12344 12564 "GET /prefix/ HTTP/1.1" 200 13
ERROR 2024-03-26 12:09:10,132 views 12344 12564 Error in about page: division by zero
Traceback (most recent call last):
  File "C:\Users\JaneM\PycharmProjects\Django\myproject\myapp\views.py", line 16, in about
    result = 1 / 0
             ~~^~~
ZeroDivisionError: division by zero
INFO 2024-03-26 12:09:10,135 basehttp 12344 12564 "GET /prefix/about/ HTTP/1.1" 200 27
